build/app/intermediates/manifest_merge_blame_file/debug/processDebugMainManifest/manifest-merger-blame-debug-report.txt
1<?xml version="1.0" encoding="utf-8"?>
2<manifest xmlns:android="http://schemas.android.com/apk/res/android"
3    package="thulmin.icbt.mento"
4    android:versionCode="1"
5    android:versionName="1.0.0" >
6
7    <uses-sdk
8        android:minSdkVersion="23"
9        android:targetSdkVersion="35" />
10    <!--
11         The INTERNET permission is required for development. Specifically,
12         the Flutter tool needs it to communicate with the running application
13         to allow setting breakpoints, to provide hot reload, etc.
14    -->
15    <uses-permission android:name="android.permission.INTERNET" />
15-->src\main\AndroidManifest.xml:2:5-67
15-->src\main\AndroidManifest.xml:2:22-64
16    <uses-permission android:name="android.permission.ACCESS_NETWORK_STATE" />
16-->src\main\AndroidManifest.xml:3:5-79
16-->src\main\AndroidManifest.xml:3:22-76
17    <uses-permission android:name="android.permission.ACCESS_COARSE_LOCATION" />
17-->src\main\AndroidManifest.xml:4:5-81
17-->src\main\AndroidManifest.xml:4:22-78
18    <uses-permission android:name="android.permission.ACCESS_FINE_LOCATION" />
18-->src\main\AndroidManifest.xml:5:5-79
18-->src\main\AndroidManifest.xml:5:22-76
19    <uses-permission android:name="android.permission.POST_NOTIFICATIONS" />
19-->src\main\AndroidManifest.xml:6:5-77
19-->src\main\AndroidManifest.xml:6:22-74
20    <uses-permission android:name="android.permission.RECEIVE_BOOT_COMPLETED" />
20-->src\main\AndroidManifest.xml:7:5-81
20-->src\main\AndroidManifest.xml:7:22-78
21    <uses-permission android:name="android.permission.VIBRATE" />
21-->src\main\AndroidManifest.xml:8:5-66
21-->src\main\AndroidManifest.xml:8:22-63
22    <!--
23 Required to query activities that can process text, see:
24         https://developer.android.com/training/package-visibility and
25         https://developer.android.com/reference/android/content/Intent#ACTION_PROCESS_TEXT.
26
27         In particular, this is used by the Flutter engine in io.flutter.plugin.text.ProcessTextPlugin.
28    -->
29    <queries>
29-->src\main\AndroidManifest.xml:62:5-67:15
30        <intent>
30-->src\main\AndroidManifest.xml:63:9-66:18
31            <action android:name="android.intent.action.PROCESS_TEXT" />
31-->src\main\AndroidManifest.xml:64:13-72
31-->src\main\AndroidManifest.xml:64:21-70
32
33            <data android:mimeType="text/plain" />
33-->src\main\AndroidManifest.xml:65:13-50
33-->src\main\AndroidManifest.xml:65:19-48
34        </intent>
35        <!-- Needs to be explicitly declared on Android R+ -->
36        <package android:name="com.google.android.apps.maps" />
36-->[com.google.android.gms:play-services-maps:19.2.0] AndroidManifest.xml:29:7-61
36-->[com.google.android.gms:play-services-maps:19.2.0] AndroidManifest.xml:29:16-59
37    </queries>
38
39    <uses-permission android:name="android.permission.WAKE_LOCK" />
39-->[:firebase_messaging] AndroidManifest.xml:8:5-68
39-->[:firebase_messaging] AndroidManifest.xml:8:22-65
40    <uses-permission android:name="android.permission.USE_BIOMETRIC" /> <!-- suppress DeprecatedClassUsageInspection -->
40-->[androidx.biometric:biometric:1.1.0] AndroidManifest.xml:24:5-72
40-->[androidx.biometric:biometric:1.1.0] AndroidManifest.xml:24:22-69
41    <uses-permission android:name="android.permission.USE_FINGERPRINT" />
41-->[androidx.biometric:biometric:1.1.0] AndroidManifest.xml:27:5-74
41-->[androidx.biometric:biometric:1.1.0] AndroidManifest.xml:27:22-71
42
43    <uses-feature
43-->[com.google.android.gms:play-services-maps:19.2.0] AndroidManifest.xml:22:5-24:33
44        android:glEsVersion="0x00020000"
44-->[com.google.android.gms:play-services-maps:19.2.0] AndroidManifest.xml:23:8-40
45        android:required="true" /> <!-- Required by older versions of Google Play services to create IID tokens -->
45-->[com.google.android.gms:play-services-maps:19.2.0] AndroidManifest.xml:24:8-31
46    <uses-permission android:name="com.google.android.c2dm.permission.RECEIVE" />
46-->[com.google.firebase:firebase-messaging:25.1.0] AndroidManifest.xml:26:5-82
46-->[com.google.firebase:firebase-messaging:25.1.0] AndroidManifest.xml:26:22-79
47    <uses-permission android:name="com.google.android.providers.gsf.permission.READ_GSERVICES" />
47-->[com.google.android.recaptcha:recaptcha:18.7.1] AndroidManifest.xml:9:5-98
47-->[com.google.android.recaptcha:recaptcha:18.7.1] AndroidManifest.xml:9:22-95
48
49    <permission
49-->[androidx.core:core:1.18.0] AndroidManifest.xml:22:5-24:47
50        android:name="thulmin.icbt.mento.DYNAMIC_RECEIVER_NOT_EXPORTED_PERMISSION"
50-->[androidx.core:core:1.18.0] AndroidManifest.xml:23:9-81
51        android:protectionLevel="signature" />
51-->[androidx.core:core:1.18.0] AndroidManifest.xml:24:9-44
52
53    <uses-permission android:name="thulmin.icbt.mento.DYNAMIC_RECEIVER_NOT_EXPORTED_PERMISSION" />
53-->[androidx.core:core:1.18.0] AndroidManifest.xml:26:5-97
53-->[androidx.core:core:1.18.0] AndroidManifest.xml:26:22-94
54
55    <application
56        android:name="android.app.Application"
57        android:appComponentFactory="androidx.core.app.CoreComponentFactory"
57-->[androidx.core:core:1.18.0] AndroidManifest.xml:28:18-86
58        android:debuggable="true"
59        android:extractNativeLibs="false"
60        android:icon="@mipmap/ic_launcher"
61        android:label="Mento" >
62        <activity
63            android:name="thulmin.icbt.mento.MainActivity"
64            android:configChanges="orientation|keyboardHidden|keyboard|screenSize|smallestScreenSize|locale|layoutDirection|fontScale|screenLayout|density|uiMode"
65            android:exported="true"
66            android:hardwareAccelerated="true"
67            android:launchMode="singleTop"
68            android:taskAffinity=""
69            android:theme="@style/LaunchTheme"
70            android:windowSoftInputMode="adjustResize" >
71
72            <!--
73                 Specifies an Android theme to apply to this Activity as soon as
74                 the Android process has started. This theme is visible to the user
75                 while the Flutter UI initializes. After that, this theme continues
76                 to determine the Window background behind the Flutter UI.
77            -->
78            <meta-data
79                android:name="io.flutter.embedding.android.NormalTheme"
80                android:resource="@style/NormalTheme" />
81
82            <intent-filter>
83                <action android:name="android.intent.action.MAIN" />
84
85                <category android:name="android.intent.category.LAUNCHER" />
86            </intent-filter>
87        </activity>
88        <!--
89             Don't delete the meta-data below.
90             This is used by the Flutter tool to generate GeneratedPluginRegistrant.java
91        -->
92        <meta-data
93            android:name="flutterEmbedding"
94            android:value="2" />
95        <meta-data
96            android:name="com.google.android.geo.API_KEY"
97            android:value="AIzaSyC0bjxz1XhWNfixD_VpaivCLx8xhx0Gs8A" />
98
99        <receiver
100            android:name="com.dexterous.flutterlocalnotifications.ScheduledNotificationReceiver"
101            android:exported="false" />
102        <receiver
103            android:name="com.dexterous.flutterlocalnotifications.ScheduledNotificationBootReceiver"
104            android:exported="false" >
105            <intent-filter>
106                <action android:name="android.intent.action.BOOT_COMPLETED" />
107                <action android:name="android.intent.action.MY_PACKAGE_REPLACED" />
108                <action android:name="android.intent.action.QUICKBOOT_POWERON" />
109                <action android:name="com.htc.intent.action.QUICKBOOT_POWERON" />
110            </intent-filter>
111        </receiver>
112
113        <service
113-->[:firebase_app_check] AndroidManifest.xml:8:9-12:19
114            android:name="com.google.firebase.components.ComponentDiscoveryService"
114-->[:firebase_app_check] AndroidManifest.xml:8:18-89
115            android:directBootAware="true"
115-->[com.google.firebase:firebase-common:22.1.0] AndroidManifest.xml:32:13-43
116            android:exported="false" >
116-->[com.google.firebase:firebase-auth:24.1.0] AndroidManifest.xml:68:13-37
117            <meta-data
117-->[:firebase_app_check] AndroidManifest.xml:9:13-11:85
118                android:name="com.google.firebase.components:io.flutter.plugins.firebase.appcheck.FlutterFirebaseAppRegistrar"
118-->[:firebase_app_check] AndroidManifest.xml:10:17-127
119                android:value="com.google.firebase.components.ComponentRegistrar" />
119-->[:firebase_app_check] AndroidManifest.xml:11:17-82
120            <meta-data
120-->[:firebase_storage] AndroidManifest.xml:9:13-11:85
121                android:name="com.google.firebase.components:io.flutter.plugins.firebase.storage.FlutterFirebaseAppRegistrar"
121-->[:firebase_storage] AndroidManifest.xml:10:17-126
122                android:value="com.google.firebase.components.ComponentRegistrar" />
122-->[:firebase_storage] AndroidManifest.xml:11:17-82
123            <meta-data
123-->[:cloud_firestore] AndroidManifest.xml:9:13-11:85
124                android:name="com.google.firebase.components:io.flutter.plugins.firebase.firestore.FlutterFirebaseFirestoreRegistrar"
124-->[:cloud_firestore] AndroidManifest.xml:10:17-134
125                android:value="com.google.firebase.components.ComponentRegistrar" />
125-->[:cloud_firestore] AndroidManifest.xml:11:17-82
126            <meta-data
126-->[:firebase_auth] AndroidManifest.xml:9:13-11:85
127                android:name="com.google.firebase.components:io.flutter.plugins.firebase.auth.FlutterFirebaseAuthRegistrar"
127-->[:firebase_auth] AndroidManifest.xml:10:17-124
128                android:value="com.google.firebase.components.ComponentRegistrar" />
128-->[:firebase_auth] AndroidManifest.xml:11:17-82
129            <meta-data
129-->[:firebase_messaging] AndroidManifest.xml:36:13-38:85
130                android:name="com.google.firebase.components:io.flutter.plugins.firebase.messaging.FlutterFirebaseAppRegistrar"
130-->[:firebase_messaging] AndroidManifest.xml:37:17-128
131                android:value="com.google.firebase.components.ComponentRegistrar" />
131-->[:firebase_messaging] AndroidManifest.xml:38:17-82
132            <meta-data
132-->[:firebase_core] AndroidManifest.xml:9:13-11:85
133                android:name="com.google.firebase.components:io.flutter.plugins.firebase.core.FlutterFirebaseCoreRegistrar"
133-->[:firebase_core] AndroidManifest.xml:10:17-124
134                android:value="com.google.firebase.components.ComponentRegistrar" />
134-->[:firebase_core] AndroidManifest.xml:11:17-82
135            <meta-data
135-->[com.google.firebase:firebase-auth:24.1.0] AndroidManifest.xml:69:13-71:85
136                android:name="com.google.firebase.components:com.google.firebase.auth.FirebaseAuthRegistrar"
136-->[com.google.firebase:firebase-auth:24.1.0] AndroidManifest.xml:70:17-109
137                android:value="com.google.firebase.components.ComponentRegistrar" />
137-->[com.google.firebase:firebase-auth:24.1.0] AndroidManifest.xml:71:17-82
138            <meta-data
138-->[com.google.firebase:firebase-appcheck-debug:19.2.0] AndroidManifest.xml:25:13-27:85
139                android:name="com.google.firebase.components:com.google.firebase.appcheck.debug.FirebaseAppCheckDebugRegistrar"
139-->[com.google.firebase:firebase-appcheck-debug:19.2.0] AndroidManifest.xml:26:17-128
140                android:value="com.google.firebase.components.ComponentRegistrar" />
140-->[com.google.firebase:firebase-appcheck-debug:19.2.0] AndroidManifest.xml:27:17-82
141            <meta-data
141-->[com.google.firebase:firebase-appcheck-playintegrity:19.2.0] AndroidManifest.xml:25:13-27:85
142                android:name="com.google.firebase.components:com.google.firebase.appcheck.playintegrity.FirebaseAppCheckPlayIntegrityRegistrar"
142-->[com.google.firebase:firebase-appcheck-playintegrity:19.2.0] AndroidManifest.xml:26:17-144
143                android:value="com.google.firebase.components.ComponentRegistrar" />
143-->[com.google.firebase:firebase-appcheck-playintegrity:19.2.0] AndroidManifest.xml:27:17-82
144            <meta-data
144-->[com.google.firebase:firebase-firestore:26.4.0] AndroidManifest.xml:17:13-19:85
145                android:name="com.google.firebase.components:com.google.firebase.firestore.FirebaseFirestoreKtxRegistrar"
145-->[com.google.firebase:firebase-firestore:26.4.0] AndroidManifest.xml:18:17-122
146                android:value="com.google.firebase.components.ComponentRegistrar" />
146-->[com.google.firebase:firebase-firestore:26.4.0] AndroidManifest.xml:19:17-82
147            <meta-data
147-->[com.google.firebase:firebase-firestore:26.4.0] AndroidManifest.xml:20:13-22:85
148                android:name="com.google.firebase.components:com.google.firebase.firestore.FirestoreRegistrar"
148-->[com.google.firebase:firebase-firestore:26.4.0] AndroidManifest.xml:21:17-111
149                android:value="com.google.firebase.components.ComponentRegistrar" />
149-->[com.google.firebase:firebase-firestore:26.4.0] AndroidManifest.xml:22:17-82
150            <meta-data
150-->[com.google.firebase:firebase-messaging:25.1.0] AndroidManifest.xml:57:13-59:85
151                android:name="com.google.firebase.components:com.google.firebase.messaging.FirebaseMessagingKtxRegistrar"
151-->[com.google.firebase:firebase-messaging:25.1.0] AndroidManifest.xml:58:17-122
152                android:value="com.google.firebase.components.ComponentRegistrar" />
152-->[com.google.firebase:firebase-messaging:25.1.0] AndroidManifest.xml:59:17-82
153            <meta-data
153-->[com.google.firebase:firebase-messaging:25.1.0] AndroidManifest.xml:60:13-62:85
154                android:name="com.google.firebase.components:com.google.firebase.messaging.FirebaseMessagingRegistrar"
154-->[com.google.firebase:firebase-messaging:25.1.0] AndroidManifest.xml:61:17-119
155                android:value="com.google.firebase.components.ComponentRegistrar" />
155-->[com.google.firebase:firebase-messaging:25.1.0] AndroidManifest.xml:62:17-82
156            <meta-data
156-->[com.google.firebase:firebase-storage:22.0.1] AndroidManifest.xml:30:13-32:85
157                android:name="com.google.firebase.components:com.google.firebase.storage.FirebaseStorageKtxRegistrar"
157-->[com.google.firebase:firebase-storage:22.0.1] AndroidManifest.xml:31:17-118
158                android:value="com.google.firebase.components.ComponentRegistrar" />
158-->[com.google.firebase:firebase-storage:22.0.1] AndroidManifest.xml:32:17-82
159            <meta-data
159-->[com.google.firebase:firebase-storage:22.0.1] AndroidManifest.xml:33:13-35:85
160                android:name="com.google.firebase.components:com.google.firebase.storage.StorageRegistrar"
160-->[com.google.firebase:firebase-storage:22.0.1] AndroidManifest.xml:34:17-107
161                android:value="com.google.firebase.components.ComponentRegistrar" />
161-->[com.google.firebase:firebase-storage:22.0.1] AndroidManifest.xml:35:17-82
162            <meta-data
162-->[com.google.firebase:firebase-appcheck-recaptcha:19.0.0] AndroidManifest.xml:24:13-26:85
163                android:name="com.google.firebase.components:com.google.firebase.appcheck.recaptcha.FirebaseAppCheckRecaptchaRegistrar"
163-->[com.google.firebase:firebase-appcheck-recaptcha:19.0.0] AndroidManifest.xml:25:17-136
164                android:value="com.google.firebase.components.ComponentRegistrar" />
164-->[com.google.firebase:firebase-appcheck-recaptcha:19.0.0] AndroidManifest.xml:26:17-82
165            <meta-data
165-->[com.google.firebase:firebase-appcheck:19.2.0] AndroidManifest.xml:25:13-27:85
166                android:name="com.google.firebase.components:com.google.firebase.appcheck.FirebaseAppCheckKtxRegistrar"
166-->[com.google.firebase:firebase-appcheck:19.2.0] AndroidManifest.xml:26:17-120
167                android:value="com.google.firebase.components.ComponentRegistrar" />
167-->[com.google.firebase:firebase-appcheck:19.2.0] AndroidManifest.xml:27:17-82
168            <meta-data
168-->[com.google.firebase:firebase-appcheck:19.2.0] AndroidManifest.xml:28:13-30:85
169                android:name="com.google.firebase.components:com.google.firebase.appcheck.FirebaseAppCheckRegistrar"
169-->[com.google.firebase:firebase-appcheck:19.2.0] AndroidManifest.xml:29:17-117
170                android:value="com.google.firebase.components.ComponentRegistrar" />
170-->[com.google.firebase:firebase-appcheck:19.2.0] AndroidManifest.xml:30:17-82
171            <meta-data
171-->[com.google.firebase:firebase-installations:19.1.1] AndroidManifest.xml:15:13-17:85
172                android:name="com.google.firebase.components:com.google.firebase.installations.FirebaseInstallationsKtxRegistrar"
172-->[com.google.firebase:firebase-installations:19.1.1] AndroidManifest.xml:16:17-130
173                android:value="com.google.firebase.components.ComponentRegistrar" />
173-->[com.google.firebase:firebase-installations:19.1.1] AndroidManifest.xml:17:17-82
174            <meta-data
174-->[com.google.firebase:firebase-installations:19.1.1] AndroidManifest.xml:18:13-20:85
175                android:name="com.google.firebase.components:com.google.firebase.installations.FirebaseInstallationsRegistrar"
175-->[com.google.firebase:firebase-installations:19.1.1] AndroidManifest.xml:19:17-127
176                android:value="com.google.firebase.components.ComponentRegistrar" />
176-->[com.google.firebase:firebase-installations:19.1.1] AndroidManifest.xml:20:17-82
177            <meta-data
177-->[com.google.firebase:firebase-common:22.1.0] AndroidManifest.xml:35:13-37:85
178                android:name="com.google.firebase.components:com.google.firebase.FirebaseCommonKtxRegistrar"
178-->[com.google.firebase:firebase-common:22.1.0] AndroidManifest.xml:36:17-109
179                android:value="com.google.firebase.components.ComponentRegistrar" />
179-->[com.google.firebase:firebase-common:22.1.0] AndroidManifest.xml:37:17-82
180            <meta-data
180-->[com.google.firebase:firebase-datatransport:18.2.0] AndroidManifest.xml:25:13-27:85
181                android:name="com.google.firebase.components:com.google.firebase.datatransport.TransportRegistrar"
181-->[com.google.firebase:firebase-datatransport:18.2.0] AndroidManifest.xml:26:17-115
182                android:value="com.google.firebase.components.ComponentRegistrar" />
182-->[com.google.firebase:firebase-datatransport:18.2.0] AndroidManifest.xml:27:17-82
183        </service>
184        <service
184-->[:geolocator_android] AndroidManifest.xml:8:9-12:56
185            android:name="com.baseflow.geolocator.GeolocatorLocationService"
185-->[:geolocator_android] AndroidManifest.xml:9:13-77
186            android:enabled="true"
186-->[:geolocator_android] AndroidManifest.xml:10:13-35
187            android:exported="false"
187-->[:geolocator_android] AndroidManifest.xml:11:13-37
188            android:foregroundServiceType="location" />
188-->[:geolocator_android] AndroidManifest.xml:12:13-53
189
190        <provider
190-->[:image_picker_android] AndroidManifest.xml:9:9-17:20
191            android:name="io.flutter.plugins.imagepicker.ImagePickerFileProvider"
191-->[:image_picker_android] AndroidManifest.xml:10:13-82
192            android:authorities="thulmin.icbt.mento.flutter.image_provider"
192-->[:image_picker_android] AndroidManifest.xml:11:13-74
193            android:exported="false"
193-->[:image_picker_android] AndroidManifest.xml:12:13-37
194            android:grantUriPermissions="true" >
194-->[:image_picker_android] AndroidManifest.xml:13:13-47
195            <meta-data
195-->[:image_picker_android] AndroidManifest.xml:14:13-16:75
196                android:name="android.support.FILE_PROVIDER_PATHS"
196-->[:image_picker_android] AndroidManifest.xml:15:17-67
197                android:resource="@xml/flutter_image_picker_file_paths" />
197-->[:image_picker_android] AndroidManifest.xml:16:17-72
198        </provider> <!-- Trigger Google Play services to install the backported photo picker module. -->
199        <service
199-->[:image_picker_android] AndroidManifest.xml:19:9-31:19
200            android:name="com.google.android.gms.metadata.ModuleDependencies"
200-->[:image_picker_android] AndroidManifest.xml:20:13-78
201            android:enabled="false"
201-->[:image_picker_android] AndroidManifest.xml:21:13-36
202            android:exported="false" >
202-->[:image_picker_android] AndroidManifest.xml:22:13-37
203            <intent-filter>
203-->[:image_picker_android] AndroidManifest.xml:24:13-26:29
204                <action android:name="com.google.android.gms.metadata.MODULE_DEPENDENCIES" />
204-->[:image_picker_android] AndroidManifest.xml:25:17-94
204-->[:image_picker_android] AndroidManifest.xml:25:25-91
205            </intent-filter>
206
207            <meta-data
207-->[:image_picker_android] AndroidManifest.xml:28:13-30:36
208                android:name="photopicker_activity:0:required"
208-->[:image_picker_android] AndroidManifest.xml:29:17-63
209                android:value="" />
209-->[:image_picker_android] AndroidManifest.xml:30:17-33
210        </service>
211
212        <activity
212-->[:url_launcher_android] AndroidManifest.xml:8:9-11:74
213            android:name="io.flutter.plugins.urllauncher.WebViewActivity"
213-->[:url_launcher_android] AndroidManifest.xml:9:13-74
214            android:exported="false"
214-->[:url_launcher_android] AndroidManifest.xml:10:13-37
215            android:theme="@android:style/Theme.NoTitleBar.Fullscreen" />
215-->[:url_launcher_android] AndroidManifest.xml:11:13-71
216
217        <service
217-->[:firebase_messaging] AndroidManifest.xml:14:9-17:72
218            android:name="io.flutter.plugins.firebase.messaging.FlutterFirebaseMessagingBackgroundService"
218-->[:firebase_messaging] AndroidManifest.xml:15:13-107
219            android:exported="false"
219-->[:firebase_messaging] AndroidManifest.xml:16:13-37
220            android:permission="android.permission.BIND_JOB_SERVICE" />
220-->[:firebase_messaging] AndroidManifest.xml:17:13-69
221        <service
221-->[:firebase_messaging] AndroidManifest.xml:18:9-24:19
222            android:name="io.flutter.plugins.firebase.messaging.FlutterFirebaseMessagingService"
222-->[:firebase_messaging] AndroidManifest.xml:19:13-97
223            android:exported="false" >
223-->[:firebase_messaging] AndroidManifest.xml:20:13-37
224            <intent-filter>
224-->[:firebase_messaging] AndroidManifest.xml:21:13-23:29
225                <action android:name="com.google.firebase.MESSAGING_EVENT" />
225-->[:firebase_messaging] AndroidManifest.xml:22:17-78
225-->[:firebase_messaging] AndroidManifest.xml:22:25-75
226            </intent-filter>
227        </service>
228
229        <receiver
229-->[:firebase_messaging] AndroidManifest.xml:26:9-33:20
230            android:name="io.flutter.plugins.firebase.messaging.FlutterFirebaseMessagingReceiver"
230-->[:firebase_messaging] AndroidManifest.xml:27:13-98
231            android:exported="true"
231-->[:firebase_messaging] AndroidManifest.xml:28:13-36
232            android:permission="com.google.android.c2dm.permission.SEND" >
232-->[:firebase_messaging] AndroidManifest.xml:29:13-73
233            <intent-filter>
233-->[:firebase_messaging] AndroidManifest.xml:30:13-32:29
234                <action android:name="com.google.android.c2dm.intent.RECEIVE" />
234-->[:firebase_messaging] AndroidManifest.xml:31:17-81
234-->[:firebase_messaging] AndroidManifest.xml:31:25-78
235            </intent-filter>
236        </receiver>
237
238        <provider
238-->[:firebase_messaging] AndroidManifest.xml:41:9-45:38
239            android:name="io.flutter.plugins.firebase.messaging.FlutterFirebaseMessagingInitProvider"
239-->[:firebase_messaging] AndroidManifest.xml:42:13-102
240            android:authorities="thulmin.icbt.mento.flutterfirebasemessaginginitprovider"
240-->[:firebase_messaging] AndroidManifest.xml:43:13-88
241            android:exported="false"
241-->[:firebase_messaging] AndroidManifest.xml:44:13-37
242            android:initOrder="99" />
242-->[:firebase_messaging] AndroidManifest.xml:45:13-35
243
244        <activity
244-->[com.google.firebase:firebase-auth:24.1.0] AndroidManifest.xml:29:9-46:20
245            android:name="com.google.firebase.auth.internal.GenericIdpActivity"
245-->[com.google.firebase:firebase-auth:24.1.0] AndroidManifest.xml:30:13-80
246            android:excludeFromRecents="true"
246-->[com.google.firebase:firebase-auth:24.1.0] AndroidManifest.xml:31:13-46
247            android:exported="true"
247-->[com.google.firebase:firebase-auth:24.1.0] AndroidManifest.xml:32:13-36
248            android:launchMode="singleTask"
248-->[com.google.firebase:firebase-auth:24.1.0] AndroidManifest.xml:33:13-44
249            android:theme="@android:style/Theme.Translucent.NoTitleBar" >
249-->[com.google.firebase:firebase-auth:24.1.0] AndroidManifest.xml:34:13-72
250            <intent-filter>
250-->[com.google.firebase:firebase-auth:24.1.0] AndroidManifest.xml:35:13-45:29
251                <action android:name="android.intent.action.VIEW" />
251-->[com.google.firebase:firebase-auth:24.1.0] AndroidManifest.xml:36:17-69
251-->[com.google.firebase:firebase-auth:24.1.0] AndroidManifest.xml:36:25-66
252
253                <category android:name="android.intent.category.DEFAULT" />
253-->[com.google.firebase:firebase-auth:24.1.0] AndroidManifest.xml:38:17-76
253-->[com.google.firebase:firebase-auth:24.1.0] AndroidManifest.xml:38:27-73
254                <category android:name="android.intent.category.BROWSABLE" />
254-->[com.google.firebase:firebase-auth:24.1.0] AndroidManifest.xml:39:17-78
254-->[com.google.firebase:firebase-auth:24.1.0] AndroidManifest.xml:39:27-75
255
256                <data
256-->src\main\AndroidManifest.xml:65:13-50
257                    android:host="firebase.auth"
258                    android:path="/"
259                    android:scheme="genericidp" />
260            </intent-filter>
261        </activity>
262        <activity
262-->[com.google.firebase:firebase-auth:24.1.0] AndroidManifest.xml:47:9-64:20
263            android:name="com.google.firebase.auth.internal.RecaptchaActivity"
263-->[com.google.firebase:firebase-auth:24.1.0] AndroidManifest.xml:48:13-79
264            android:excludeFromRecents="true"
264-->[com.google.firebase:firebase-auth:24.1.0] AndroidManifest.xml:49:13-46
265            android:exported="true"
265-->[com.google.firebase:firebase-auth:24.1.0] AndroidManifest.xml:50:13-36
266            android:launchMode="singleTask"
266-->[com.google.firebase:firebase-auth:24.1.0] AndroidManifest.xml:51:13-44
267            android:theme="@android:style/Theme.Translucent.NoTitleBar" >
267-->[com.google.firebase:firebase-auth:24.1.0] AndroidManifest.xml:52:13-72
268            <intent-filter>
268-->[com.google.firebase:firebase-auth:24.1.0] AndroidManifest.xml:53:13-63:29
269                <action android:name="android.intent.action.VIEW" />
269-->[com.google.firebase:firebase-auth:24.1.0] AndroidManifest.xml:36:17-69
269-->[com.google.firebase:firebase-auth:24.1.0] AndroidManifest.xml:36:25-66
270
271                <category android:name="android.intent.category.DEFAULT" />
271-->[com.google.firebase:firebase-auth:24.1.0] AndroidManifest.xml:38:17-76
271-->[com.google.firebase:firebase-auth:24.1.0] AndroidManifest.xml:38:27-73
272                <category android:name="android.intent.category.BROWSABLE" />
272-->[com.google.firebase:firebase-auth:24.1.0] AndroidManifest.xml:39:17-78
272-->[com.google.firebase:firebase-auth:24.1.0] AndroidManifest.xml:39:27-75
273
274                <data
274-->src\main\AndroidManifest.xml:65:13-50
275                    android:host="firebase.auth"
276                    android:path="/"
277                    android:scheme="recaptcha" />
278            </intent-filter>
279        </activity>
280
281        <service
281-->[androidx.credentials:credentials-play-services-auth:1.5.0] AndroidManifest.xml:24:9-32:19
282            android:name="androidx.credentials.playservices.CredentialProviderMetadataHolder"
282-->[androidx.credentials:credentials-play-services-auth:1.5.0] AndroidManifest.xml:25:13-94
283            android:enabled="true"
283-->[androidx.credentials:credentials-play-services-auth:1.5.0] AndroidManifest.xml:26:13-35
284            android:exported="false" >
284-->[androidx.credentials:credentials-play-services-auth:1.5.0] AndroidManifest.xml:27:13-37
285            <meta-data
285-->[androidx.credentials:credentials-play-services-auth:1.5.0] AndroidManifest.xml:29:13-31:104
286                android:name="androidx.credentials.CREDENTIAL_PROVIDER_KEY"
286-->[androidx.credentials:credentials-play-services-auth:1.5.0] AndroidManifest.xml:30:17-76
287                android:value="androidx.credentials.playservices.CredentialProviderPlayServicesImpl" />
287-->[androidx.credentials:credentials-play-services-auth:1.5.0] AndroidManifest.xml:31:17-101
288        </service>
289
290        <activity
290-->[androidx.credentials:credentials-play-services-auth:1.5.0] AndroidManifest.xml:34:9-41:20
291            android:name="androidx.credentials.playservices.HiddenActivity"
291-->[androidx.credentials:credentials-play-services-auth:1.5.0] AndroidManifest.xml:35:13-76
292            android:configChanges="orientation|screenSize|screenLayout|keyboardHidden"
292-->[androidx.credentials:credentials-play-services-auth:1.5.0] AndroidManifest.xml:36:13-87
293            android:enabled="true"
293-->[androidx.credentials:credentials-play-services-auth:1.5.0] AndroidManifest.xml:37:13-35
294            android:exported="false"
294-->[androidx.credentials:credentials-play-services-auth:1.5.0] AndroidManifest.xml:38:13-37